  CAI4_Nilas_S..c
c:\users\headturna\desktop\cai4_nilas_s..c(12): warning C4273: 'rand': inconsistent dll linkage
  c:\program files (x86)\windows kits\10\include\10.0.10240.0\ucrt\stdlib.h(343): note: see previous definition of 'rand'
c:\users\headturna\desktop\cai4_nilas_s..c(26): warning C4996: 'scanf': This function or variable may be unsafe. Consider using scanf_s instead. To disable deprecation, use _CRT_SECURE_NO_WARNINGS. See online help for details.
  c:\program files (x86)\windows kits\10\include\10.0.10240.0\ucrt\stdio.h(1270): note: see declaration of 'scanf'
c:\users\headturna\desktop\cai4_nilas_s..c(45): warning C4996: 'scanf': This function or variable may be unsafe. Consider using scanf_s instead. To disable deprecation, use _CRT_SECURE_NO_WARNINGS. See online help for details.
  c:\program files (x86)\windows kits\10\include\10.0.10240.0\ucrt\stdio.h(1270): note: see declaration of 'scanf'
c:\users\headturna\desktop\cai4_nilas_s..c(51): warning C4996: 'scanf': This function or variable may be unsafe. Consider using scanf_s instead. To disable deprecation, use _CRT_SECURE_NO_WARNINGS. See online help for details.
  c:\program files (x86)\windows kits\10\include\10.0.10240.0\ucrt\stdio.h(1270): note: see declaration of 'scanf'
c:\users\headturna\desktop\cai4_nilas_s..c(58): warning C4996: 'scanf': This function or variable may be unsafe. Consider using scanf_s instead. To disable deprecation, use _CRT_SECURE_NO_WARNINGS. See online help for details.
  c:\program files (x86)\windows kits\10\include\10.0.10240.0\ucrt\stdio.h(1270): note: see declaration of 'scanf'
c:\users\headturna\desktop\cai4_nilas_s..c(104): warning C4996: 'scanf': This function or variable may be unsafe. Consider using scanf_s instead. To disable deprecation, use _CRT_SECURE_NO_WARNINGS. See online help for details.
  c:\program files (x86)\windows kits\10\include\10.0.10240.0\ucrt\stdio.h(1270): note: see declaration of 'scanf'
c:\users\headturna\desktop\cai4_nilas_s..c(108): warning C4996: 'scanf': This function or variable may be unsafe. Consider using scanf_s instead. To disable deprecation, use _CRT_SECURE_NO_WARNINGS. See online help for details.
  c:\program files (x86)\windows kits\10\include\10.0.10240.0\ucrt\stdio.h(1270): note: see declaration of 'scanf'
c:\users\headturna\desktop\cai4_nilas_s..c(142): warning C4996: 'scanf': This function or variable may be unsafe. Consider using scanf_s instead. To disable deprecation, use _CRT_SECURE_NO_WARNINGS. See online help for details.
  c:\program files (x86)\windows kits\10\include\10.0.10240.0\ucrt\stdio.h(1270): note: see declaration of 'scanf'
c:\users\headturna\desktop\cai4_nilas_s..c(188): warning C4996: 'fopen': This function or variable may be unsafe. Consider using fopen_s instead. To disable deprecation, use _CRT_SECURE_NO_WARNINGS. See online help for details.
  c:\program files (x86)\windows kits\10\include\10.0.10240.0\ucrt\stdio.h(205): note: see declaration of 'fopen'
c:\users\headturna\desktop\cai4_nilas_s..c(207): warning C4996: 'fopen': This function or variable may be unsafe. Consider using fopen_s instead. To disable deprecation, use _CRT_SECURE_NO_WARNINGS. See online help for details.
  c:\program files (x86)\windows kits\10\include\10.0.10240.0\ucrt\stdio.h(205): note: see declaration of 'fopen'
c:\users\headturna\desktop\cai4_nilas_s..c(206): warning C4101: 'c': unreferenced local variable
c:\users\headturna\desktop\cai4_nilas_s..c(233): error C2057: expected constant expression
c:\users\headturna\desktop\cai4_nilas_s..c(233): error C2466: cannot allocate an array of constant size 0
c:\users\headturna\desktop\cai4_nilas_s..c(233): error C2133: 'gamers': unknown size
c:\users\headturna\desktop\cai4_nilas_s..c(239): warning C4013: 'strtok' undefined; assuming extern returning int
c:\users\headturna\desktop\cai4_nilas_s..c(239): warning C4047: '=': 'char *' differs in levels of indirection from 'int'
c:\users\headturna\desktop\cai4_nilas_s..c(240): warning C4013: 'strcpy' undefined; assuming extern returning int
c:\users\headturna\desktop\cai4_nilas_s..c(243): warning C4047: '=': 'char *' differs in levels of indirection from 'int'
c:\users\headturna\desktop\cai4_nilas_s..c(244): warning C4244: '=': conversion from 'double' to 'float', possible loss of data
c:\users\headturna\desktop\cai4_nilas_s..c(219): warning C4996: 'fopen': This function or variable may be unsafe. Consider using fopen_s instead. To disable deprecation, use _CRT_SECURE_NO_WARNINGS. See online help for details.
  c:\program files (x86)\windows kits\10\include\10.0.10240.0\ucrt\stdio.h(205): note: see declaration of 'fopen'
c:\users\headturna\desktop\cai4_nilas_s..c(231): warning C4996: 'fopen': This function or variable may be unsafe. Consider using fopen_s instead. To disable deprecation, use _CRT_SECURE_NO_WARNINGS. See online help for details.
  c:\program files (x86)\windows kits\10\include\10.0.10240.0\ucrt\stdio.h(205): note: see declaration of 'fopen'
